21 1 0.5 1 54 35 62 46 1010
21 1 0.5 2 68 32 101 58 1461
21 1 0.5 3 78 35 136 83 1925
21 1 0.5 4 87 41 171 107 2330
21 1 0.5 5 86 47 187 139 2701
21 1 0.5 6 95 43 216 173 3102
21 1 0.5 7 101 45 242 193 3488
21 1 0.5 8 108 49 261 217 3906
21 1 0.5 9 109 51 271 239 4282
21 1 0.5 10 108 55 307 255 4634
21 1 0.5 11 113 58 328 280 5095
21 1 0.5 12 111 60 330 303 5422
21 1 0.5 13 116 56 353 308 5749
21 1 0.5 14 116 53 361 321 6046
21 1 0.5 15 117 53 382 349 6442
21 1 0.5 16 119 54 399 359 6743
21 1 0.5 17 119 57 406 378 7115
21 1 0.5 18 121 55 421 388 7391
21 1 0.5 19 122 58 428 408 7728
21 1 0.5 20 122 58 435 416 8049
21 1 0.5 21 122 58 437 422 8232
